{
  "RSpec": {
    "coverage": {
      "/home/chic-creator-9382/tic-tac-toe-rb-online-web-sp-000/lib/tic_tac_toe.rb": [
        null,
        1,
        null,
        null,
        null,
        null,
        null,
        null,
        null,
        null,
        null,
        1,
        24,
        24,
        24,
        24,
        24,
        null,
        null,
        1,
        23,
        null,
        null,
        1,
        22,
        null,
        null,
        1,
        25,
        null,
        null,
        1,
        23,
        null,
        null,
        1,
        21,
        21,
        189,
        31,
        null,
        null,
        21,
        null,
        null,
        1,
        null,
        20,
        20,
        14,
        null,
        6,
        null,
        20,
        null,
        null,
        1,
        20,
        20,
        20,
        20,
        19,
        19,
        19,
        null,
        1,
        null,
        null,
        null,
        1,
        54,
        364,
        364,
        364,
        null,
        364,
        364,
        364,
        null,
        364,
        14,
        350,
        4,
        null,
        null,
        36,
        null,
        null,
        1,
        93,
        null,
        null,
        1,
        17,
        4,
        null,
        13,
        null,
        null,
        null,
        1,
        21,
        10,
        null,
        11,
        null,
        null,
        null,
        1,
        7,
        7,
        7,
        null,
        null,
        6,
        4,
        null,
        2,
        null,
        null,
        null,
        null,
        1,
        12,
        17,
        null,
        null,
        12,
        5,
        null,
        7,
        null,
        null
      ]
    },
    "timestamp": 1600037187
  }
}
